[debug] [2021-10-28T12:04:44.863Z] ----------------------------------------------------------------------
[debug] [2021-10-28T12:04:44.865Z] Command:       /home/carl/.n/bin/node /home/carl/.npm-global/bin/firebase deploy --only functions --debug
[debug] [2021-10-28T12:04:44.865Z] CLI Version:   9.21.0
[debug] [2021-10-28T12:04:44.865Z] Platform:      linux
[debug] [2021-10-28T12:04:44.865Z] Node Version:  v16.10.0
[debug] [2021-10-28T12:04:44.865Z] Time:          Thu Oct 28 2021 13:04:44 GMT+0100 (Western European Summer Time)
[debug] [2021-10-28T12:04:44.865Z] ----------------------------------------------------------------------
[debug] 
[debug] [2021-10-28T12:04:44.916Z] > command requires scopes: ["email","openid","https://www.googleapis.com/auth/cloudplatformprojects.readonly","https://www.googleapis.com/auth/firebase","https://www.googleapis.com/auth/cloud-platform"]
[debug] [2021-10-28T12:04:44.917Z] > authorizing via signed-in user (carlbarrdahl@gmail.com)
[debug] [2021-10-28T12:04:44.917Z] [iam] checking project reef-payment-api for permissions ["cloudfunctions.functions.create","cloudfunctions.functions.delete","cloudfunctions.functions.get","cloudfunctions.functions.list","cloudfunctions.functions.update","cloudfunctions.operations.get","firebase.projects.get"]
[debug] [2021-10-28T12:04:44.919Z] >>> HTTP REQUEST POST https://cloudresourcemanager.googleapis.com/v1/projects/reef-payment-api:testIamPermissions  
 {"permissions":["cloudfunctions.functions.create","cloudfunctions.functions.delete","cloudfunctions.functions.get","cloudfunctions.functions.list","cloudfunctions.functions.update","cloudfunctions.operations.get","firebase.projects.get"]}
[debug] [2021-10-28T12:04:45.951Z] <<< HTTP RESPONSE 200 {"content-type":"application/json; charset=UTF-8","vary":"X-Origin, Referer, Origin,Accept-Encoding","date":"Thu, 28 Oct 2021 12:04:45 GMT","server":"ESF","cache-control":"private","x-xss-protection":"0","x-frame-options":"SAMEORIGIN","x-content-type-options":"nosniff","server-timing":"gfet4t7; dur=641","alt-svc":"h3=\":443\"; ma=2592000,h3-29=\":443\"; ma=2592000,h3-Q050=\":443\"; ma=2592000,h3-Q046=\":443\"; ma=2592000,h3-Q043=\":443\"; ma=2592000,quic=\":443\"; ma=2592000; v=\"46,43\"","accept-ranges":"none","transfer-encoding":"chunked"}
[debug] [2021-10-28T12:04:45.957Z] >>> HTTP REQUEST POST https://iam.googleapis.com/v1/projects/reef-payment-api/serviceAccounts/reef-payment-api@appspot.gserviceaccount.com:testIamPermissions  
 {"permissions":["iam.serviceAccounts.actAs"]}
[debug] [2021-10-28T12:04:46.900Z] <<< HTTP RESPONSE 200 {"content-type":"application/json; charset=UTF-8","vary":"X-Origin, Referer, Origin,Accept-Encoding","date":"Thu, 28 Oct 2021 12:04:46 GMT","server":"ESF","cache-control":"private","x-xss-protection":"0","x-frame-options":"SAMEORIGIN","x-content-type-options":"nosniff","alt-svc":"h3=\":443\"; ma=2592000,h3-29=\":443\"; ma=2592000,h3-Q050=\":443\"; ma=2592000,h3-Q046=\":443\"; ma=2592000,h3-Q043=\":443\"; ma=2592000","accept-ranges":"none","transfer-encoding":"chunked"}
[info] 
[info] === Deploying to 'reef-payment-api'...
[info] 
[info] i  deploying functions 
[debug] [2021-10-28T12:04:46.913Z] Validating nodejs source
[debug] [2021-10-28T12:04:49.520Z] > [functions] package.json contents: {
  "name": "reef-payment-api",
  "version": "0.1.0",
  "private": true,
  "main": "function.js",
  "scripts": {
    "dev": "next dev",
    "build": "next build",
    "export": "next export",
    "start": "next start",
    "lint": "next lint",
    "test": "jest",
    "serve": "NODE_ENV=development firebase emulators:start --only functions",
    "deploy": "firebase deploy --only functions"
  },
  "dependencies": {
    "@apollo/client": "^3.4.16",
    "@chakra-ui/icons": "^1.0.16",
    "@chakra-ui/react": "^1.6.10",
    "@emotion/react": "^11",
    "@emotion/styled": "^11",
    "@polkadot/api": "^6.3.1",
    "@polkadot/rpc-provider": "^6.3.1",
    "@reef-defi/api": "^1.0.1",
    "@reef-defi/api-derive": "^1.0.1",
    "@reef-defi/evm-provider": "^1.0.1",
    "@reef-defi/type-definitions": "^1.0.1",
    "@reef-defi/types": "^1.0.1",
    "axios": "^0.24.0",
    "cors": "^2.8.5",
    "date-fns": "^2.25.0",
    "express": "^4.17.1",
    "express-pino-logger": "^6.0.0",
    "firebase": "^9.1.3",
    "firebase-admin": "^10.0.0",
    "firebase-functions": "^3.15.7",
    "framer-motion": "^4",
    "got": "^11.8.2",
    "graphql": "^15.6.1",
    "next": "11.1.2",
    "next-absolute-url": "^1.2.2",
    "next-firebase-auth": "^0.13.4",
    "react": "17.0.2",
    "react-dom": "17.0.2",
    "react-firebaseui": "^5.0.2",
    "react-hook-form": "^7.18.0",
    "react-query": "^3.29.0",
    "reactfire": "^4.2.0",
    "subscriptions-transport-ws": "^0.9.19"
  },
  "devDependencies": {
    "@next/bundle-analyzer": "^11.1.2",
    "babel-jest": "^27.3.1",
    "eslint": "7.32.0",
    "eslint-config-next": "11.1.2",
    "identity-obj-proxy": "^3.0.0",
    "jest": "^27.3.1"
  },
  "resolutions": {
    "@polkadot/api": "^6.3.1",
    "@polkadot/types": "^6.3.1",
    "@polkadot/util": "^6.3.1",
    "@polkadot/types-known": "^6.3.1",
    "@polkadot/rpc-provider": "^6.3.1"
  }
}
[debug] [2021-10-28T12:04:49.521Z] Building nodejs source
[info] i  functions: ensuring required API cloudfunctions.googleapis.com is enabled... 
[info] i  functions: ensuring required API cloudbuild.googleapis.com is enabled... 
[debug] [2021-10-28T12:04:49.522Z] >>> HTTP REQUEST GET https://serviceusage.googleapis.com/v1/projects/reef-payment-api/services/cloudfunctions.googleapis.com  
 
[debug] [2021-10-28T12:04:49.523Z] >>> HTTP REQUEST GET https://serviceusage.googleapis.com/v1/projects/reef-payment-api/services/runtimeconfig.googleapis.com  
 
[debug] [2021-10-28T12:04:49.523Z] >>> HTTP REQUEST GET https://serviceusage.googleapis.com/v1/projects/reef-payment-api/services/cloudbuild.googleapis.com  
 
[debug] [2021-10-28T12:04:50.692Z] <<< HTTP RESPONSE 200 {"content-type":"application/json; charset=UTF-8","vary":"X-Origin, Referer, Origin,Accept-Encoding","date":"Thu, 28 Oct 2021 12:04:50 GMT","server":"ESF","cache-control":"private","x-xss-protection":"0","x-frame-options":"SAMEORIGIN","x-content-type-options":"nosniff","alt-svc":"h3=\":443\"; ma=2592000,h3-29=\":443\"; ma=2592000,h3-Q050=\":443\"; ma=2592000,h3-Q046=\":443\"; ma=2592000,h3-Q043=\":443\"; ma=2592000,quic=\":443\"; ma=2592000; v=\"46,43\"","accept-ranges":"none","transfer-encoding":"chunked"}
[debug] [2021-10-28T12:04:50.900Z] <<< HTTP RESPONSE 200 {"content-type":"application/json; charset=UTF-8","vary":"X-Origin, Referer, Origin,Accept-Encoding","date":"Thu, 28 Oct 2021 12:04:50 GMT","server":"ESF","cache-control":"private","x-xss-protection":"0","x-frame-options":"SAMEORIGIN","x-content-type-options":"nosniff","alt-svc":"h3=\":443\"; ma=2592000,h3-29=\":443\"; ma=2592000,h3-Q050=\":443\"; ma=2592000,h3-Q046=\":443\"; ma=2592000,h3-Q043=\":443\"; ma=2592000,quic=\":443\"; ma=2592000; v=\"46,43\"","accept-ranges":"none","transfer-encoding":"chunked"}
[info] ✔  functions: required API cloudbuild.googleapis.com is enabled 
[debug] [2021-10-28T12:04:50.909Z] <<< HTTP RESPONSE 200 {"content-type":"application/json; charset=UTF-8","vary":"X-Origin, Referer, Origin,Accept-Encoding","date":"Thu, 28 Oct 2021 12:04:50 GMT","server":"ESF","cache-control":"private","x-xss-protection":"0","x-frame-options":"SAMEORIGIN","x-content-type-options":"nosniff","alt-svc":"h3=\":443\"; ma=2592000,h3-29=\":443\"; ma=2592000,h3-Q050=\":443\"; ma=2592000,h3-Q046=\":443\"; ma=2592000,h3-Q043=\":443\"; ma=2592000,quic=\":443\"; ma=2592000; v=\"46,43\"","accept-ranges":"none","transfer-encoding":"chunked"}
[info] ✔  functions: required API cloudfunctions.googleapis.com is enabled 
[debug] [2021-10-28T12:04:50.913Z] >>> HTTP REQUEST GET https://firebase.googleapis.com/v1beta1/projects/reef-payment-api/adminSdkConfig  
 
[debug] [2021-10-28T12:04:51.508Z] <<< HTTP RESPONSE 200 {"content-type":"application/json; charset=UTF-8","vary":"X-Origin, Referer, Origin,Accept-Encoding","date":"Thu, 28 Oct 2021 12:04:51 GMT","server":"ESF","cache-control":"private","x-xss-protection":"0","x-frame-options":"SAMEORIGIN","x-content-type-options":"nosniff","alt-svc":"h3=\":443\"; ma=2592000,h3-29=\":443\"; ma=2592000,h3-Q050=\":443\"; ma=2592000,h3-Q046=\":443\"; ma=2592000,h3-Q043=\":443\"; ma=2592000","accept-ranges":"none","transfer-encoding":"chunked"}
[debug] [2021-10-28T12:04:51.512Z] >>> HTTP REQUEST GET https://runtimeconfig.googleapis.com/v1beta1/projects/reef-payment-api/configs  
 
[debug] [2021-10-28T12:04:52.039Z] <<< HTTP RESPONSE 200 {"content-type":"application/json; charset=UTF-8","vary":"X-Origin, Referer, Origin,Accept-Encoding","date":"Thu, 28 Oct 2021 12:04:51 GMT","server":"ESF","cache-control":"private","x-xss-protection":"0","x-frame-options":"SAMEORIGIN","x-content-type-options":"nosniff","alt-svc":"h3=\":443\"; ma=2592000,h3-29=\":443\"; ma=2592000,h3-Q050=\":443\"; ma=2592000,h3-Q046=\":443\"; ma=2592000,h3-Q043=\":443\"; ma=2592000,quic=\":443\"; ma=2592000; v=\"46,43\"","accept-ranges":"none","transfer-encoding":"chunked"}
[debug] [2021-10-28T12:04:52.042Z] Analyzing nodejs backend spec
[info] i  functions: preparing . directory for uploading... 
[info] i  functions: packaged . (116.21 MB) for uploading 
[debug] [2021-10-28T12:04:59.444Z] >>> HTTP REQUEST GET https://cloudfunctions.googleapis.com/v1/projects/reef-payment-api/locations/-/functions  
 
[debug] [2021-10-28T12:05:00.319Z] <<< HTTP RESPONSE 200 {"content-type":"application/json; charset=UTF-8","vary":"X-Origin, Referer, Origin,Accept-Encoding","date":"Thu, 28 Oct 2021 12:05:00 GMT","server":"ESF","cache-control":"private","x-xss-protection":"0","x-frame-options":"SAMEORIGIN","x-content-type-options":"nosniff","alt-svc":"h3=\":443\"; ma=2592000,h3-29=\":443\"; ma=2592000,h3-Q050=\":443\"; ma=2592000,h3-Q046=\":443\"; ma=2592000,h3-Q043=\":443\"; ma=2592000,quic=\":443\"; ma=2592000; v=\"46,43\"","accept-ranges":"none","transfer-encoding":"chunked"}
[debug] [2021-10-28T12:05:00.322Z] [functions] found 1 new HTTP functions, testing setIamPolicy permission...
[debug] [2021-10-28T12:05:00.322Z] >>> HTTP REQUEST POST https://cloudresourcemanager.googleapis.com/v1/projects/reef-payment-api:testIamPermissions  
 {"permissions":["cloudfunctions.functions.setIamPolicy"]}
[debug] [2021-10-28T12:05:00.827Z] <<< HTTP RESPONSE 200 {"content-type":"application/json; charset=UTF-8","vary":"X-Origin, Referer, Origin,Accept-Encoding","date":"Thu, 28 Oct 2021 12:05:00 GMT","server":"ESF","cache-control":"private","x-xss-protection":"0","x-frame-options":"SAMEORIGIN","x-content-type-options":"nosniff","server-timing":"gfet4t7; dur=126","alt-svc":"h3=\":443\"; ma=2592000,h3-29=\":443\"; ma=2592000,h3-Q050=\":443\"; ma=2592000,h3-Q046=\":443\"; ma=2592000,h3-Q043=\":443\"; ma=2592000,quic=\":443\"; ma=2592000; v=\"46,43\"","accept-ranges":"none","transfer-encoding":"chunked"}
[debug] [2021-10-28T12:05:00.830Z] [functions] found setIamPolicy permission, proceeding with deploy
[debug] [2021-10-28T12:05:00.832Z] >>> HTTP REQUEST POST https://cloudfunctions.googleapis.com/v1/projects/reef-payment-api/locations/us-central1/functions:generateUploadUrl  
 
[debug] [2021-10-28T12:05:01.748Z] <<< HTTP RESPONSE 200 {"content-type":"application/json; charset=UTF-8","vary":"X-Origin, Referer, Origin,Accept-Encoding","date":"Thu, 28 Oct 2021 12:05:01 GMT","server":"ESF","cache-control":"private","x-xss-protection":"0","x-frame-options":"SAMEORIGIN","x-content-type-options":"nosniff","alt-svc":"h3=\":443\"; ma=2592000,h3-29=\":443\"; ma=2592000,h3-Q050=\":443\"; ma=2592000,h3-Q046=\":443\"; ma=2592000,h3-Q043=\":443\"; ma=2592000,quic=\":443\"; ma=2592000; v=\"46,43\"","accept-ranges":"none","transfer-encoding":"chunked"}
[debug] [2021-10-28T12:05:01.754Z] >>> HTTP REQUEST PUT https://storage.googleapis.com/gcf-upload-us-central1-c39a1a6b-9dc3-406b-8edb-3c1ef970ec5d/b1858329-158c-4de4-90b0-fe8a7dd4b805.zip?GoogleAccessId=service-27230868962@gcf-admin-robot.iam.gserviceaccount.com&Expires=1635424501&Signature=JP2NnNt0Xf%2FeDnZ3qVNh83V7Hy49AWkEdO0sEzUwL%2B2cNbJffI5ok8ffo87mtduIBppDtrloMrHHUrvlEgc1bmAxmRKpfkd8SbzeRhNEpmbzDs7P1TkExYe2Haeujj5aLkjjuB1Qc5Fj7JE9pthwQWFZpEtSJgqYxJznUMcJuCzYPYTm4MT7vJsb7ZnT21J0%2BagpbD%2Fjm27tSdZ7kvQfl4dPvHbvMi7ibVbCEzMa6%2Bp%2F1nBw1E1D04dBZYuqKw346hlt9wuWqhLcd0t1NUUGetjGhVqp8nok%2BcBlw8TzqC71a39lWk2%2FNB%2BrzcxFiOE149T0jGwQWAbOWdumUZVkdA%3D%3D  
 <request body omitted>
